
> codequest-kids@0.0.0 dev
> vite

Port 8004 is in use, trying another one...

  VITE v6.4.1  ready in 197 ms

  ➜  Local:   http://localhost:8005/
  ➜  Network: http://172.17.0.6:8005/
02:09:37 [vite] (client) hmr update /components/MagicCanvasGame.tsx, /components/SuccessRateIndicator.tsx
02:09:59 [vite] (client) hmr update /components/GameListPage.tsx, /components/MazeGame.tsx
02:10:12 [vite] (client) hmr update /components/GameListPage.tsx, /components/MazeGame.tsx
02:10:23 [vite] (client) hmr update /components/MazeGame.tsx
02:10:42 [vite] (client) hmr update /components/MazeGame.tsx
02:10:51 [vite] (client) hmr update /components/MazeGame.tsx
02:11:07 [vite] (client) hmr update /components/MazeGame.tsx
02:11:17 [vite] (client) hmr update /components/MazeGame.tsx
02:11:29 [vite] (client) hmr update /components/MazeGame.tsx
02:11:51 [vite] (client) hmr update /components/MazeGame.tsx
02:12:18 [vite] (client) hmr update /components/MazeGame.tsx
02:18:38 [vite] (client) hmr update /components/GameListPage.tsx
02:18:49 [vite] (client) hmr update /App.tsx
02:19:04 [vite] (client) hmr update /components/MazeGame.tsx
02:23:33 [vite] (client) hmr update /components/MazeGame.tsx
02:28:06 [vite] (client) hmr update /components/MazeGame.tsx
02:28:16 [vite] (client) hmr update /components/MazeGame.tsx
02:28:32 [vite] (client) hmr update /components/MazeGame.tsx
02:28:50 [vite] (client) hmr update /components/MazeGame.tsx
02:29:24 [vite] (client) hmr update /components/MazeGame.tsx
02:29:52 [vite] (client) hmr update /components/MazeGame.tsx
02:34:26 [vite] (client) hmr update /components/MazeGame.tsx
02:34:40 [vite] (client) hmr update /components/MazeGame.tsx
02:36:37 [vite] (client) hmr update /components/MazeGame.tsx
02:41:34 [vite] (client) hmr update /components/CourseCard.tsx
02:41:44 [vite] (client) hmr update /components/GameListPage.tsx
02:41:51 [vite] (client) hmr update /components/GameListPage.tsx
02:43:14 [vite] (client) hmr update /components/CourseCard.tsx
02:44:13 [vite] (client) hmr update /components/CourseCard.tsx
